This is pdfTeX, Version 3.141592653-2.6-1.40.26 (MiKTeX 24.4) (preloaded format=pdflatex 2025.1.2)  7 JAN 2025 17:23
entering extended mode
 restricted \write18 enabled.
 %&-line parsing enabled.
**"./The glas half full.pdf"
(The glas half full.pdf
LaTeX2e <2024-11-01> patch level 1
L3 programming layer <2024-12-09>

! LaTeX Error: Missing \begin{document}.

See the LaTeX manual or LaTeX Companion for explanation.
Type  H <return>  for immediate help.
 ...                                              
                                                  
l.3 4
      0 obj
? 
! Emergency stop.
 ...                                              
                                                  
l.3 4
      0 obj
You're in trouble here.  Try typing  <return>  to proceed.
If that doesn't work, type  X <return>  to quit.

 
Here is how much of TeX's memory you used:
 17 strings out of 473574
 563 string characters out of 5716129
 390441 words of memory out of 5000000
 23300 multiletter control sequences out of 15000+600000
 558069 words of font info for 36 fonts, out of 8000000 for 9000
 1141 hyphenation exceptions out of 8191
 15i,0n,18p,69b,14s stack positions out of 10000i,1000n,20000p,200000b,200000s
!  ==> Fatal error occurred, no output PDF file produced!
